-------------------------------------------------------------------------------
Test set: com.java.ecom.springboot.SpringbootSearchApiApplicationTests
-------------------------------------------------------------------------------
Tests run: 1, Failures: 0, Errors: 1, Skipped: 0, Time elapsed: 9.294 s <<< FAILURE! - in com.java.ecom.springboot.SpringbootSearchApiApplicationTests
contextLoads  Time elapsed: 0.016 s  <<< ERROR!
java.lang.IllegalStateException: Failed to load ApplicationContext
Caused by: org.springframework.beans.factory.UnsatisfiedDependencyException: Error creating bean with name 'productController' defined in file [C:\Users\Neha\Downloads\springboot-search-api\springboot-search-api\target\classes\com\java\ecom\springboot\controller\ProductController.class]: Unsatisfied dependency expressed through constructor parameter 0; nested exception is org.springframework.beans.factory.UnsatisfiedDependencyException: Error creating bean with name 'productServiceImpl' defined in file [C:\Users\Neha\Downloads\springboot-search-api\springboot-search-api\target\classes\com\java\ecom\springboot\service\ProductServiceImpl.class]: Unsatisfied dependency expressed through constructor parameter 0; nested exception is org.springframework.beans.factory.BeanCreationException: Error creating bean with name 'productRepository' defined in com.java.ecom.springboot.repository.ProductRepository defined in @EnableJpaRepositories declared on JpaRepositoriesRegistrar.EnableJpaRepositoriesConfiguration: Invocation of init method failed; nested exception is java.lang.IllegalArgumentException: Not a managed type: class com.java.ecom.springboot.entity.Product
Caused by: org.springframework.beans.factory.UnsatisfiedDependencyException: Error creating bean with name 'productServiceImpl' defined in file [C:\Users\Neha\Downloads\springboot-search-api\springboot-search-api\target\classes\com\java\ecom\springboot\service\ProductServiceImpl.class]: Unsatisfied dependency expressed through constructor parameter 0; nested exception is org.springframework.beans.factory.BeanCreationException: Error creating bean with name 'productRepository' defined in com.java.ecom.springboot.repository.ProductRepository defined in @EnableJpaRepositories declared on JpaRepositoriesRegistrar.EnableJpaRepositoriesConfiguration: Invocation of init method failed; nested exception is java.lang.IllegalArgumentException: Not a managed type: class com.java.ecom.springboot.entity.Product
Caused by: org.springframework.beans.factory.BeanCreationException: Error creating bean with name 'productRepository' defined in com.java.ecom.springboot.repository.ProductRepository defined in @EnableJpaRepositories declared on JpaRepositoriesRegistrar.EnableJpaRepositoriesConfiguration: Invocation of init method failed; nested exception is java.lang.IllegalArgumentException: Not a managed type: class com.java.ecom.springboot.entity.Product
Caused by: java.lang.IllegalArgumentException: Not a managed type: class com.java.ecom.springboot.entity.Product

